[2025-03-20 07:12:43pm]: [Neuron] {}
[2025-03-20 07:23:23pm]: [Neuron] {}
[2025-03-20 07:23:57pm]: [Neuron] {}
[2025-03-20 07:24:37pm]: [Neuron] {}
[2025-03-20 07:25:01pm]: [Neuron] {"endpoint":"Test"}
[2025-03-20 07:25:13pm]: [Neuron] {"endpoint":"Test","payload":{}}
[2025-03-20 07:25:23pm]: [Neuron] {"endpoint":"Test","payload":{"action":"test"}}
[2025-03-20 07:25:34pm]: [Neuron] {"endpoint":"Test","payload":{"action":"test","data":"sss"}}
[2025-03-20 07:25:58pm]: [Neuron] {"endpoint":"Test","payload":{"action":"test","data":"sss"}}
[2025-03-20 07:26:07pm]: [Neuron] {"endpoint":"Test","payload":{"action":"test","data":{}}}
[2025-03-20 07:29:35pm]: [Neuron] {"endpoint":"Test","payload":{"action":"test","data":{}}}
[2025-03-20 07:29:38pm]: [Neuron] {"endpoint":"Test","payload":{"action":"test","data":{}}}
[2025-03-20 07:29:39pm]: [Neuron] {"endpoint":"Test","payload":{"action":"test","data":{}}}
[2025-03-21 04:34:07am]: [Neuron] {"endpoint":"Test","payload":{"action":"test","data":{}}}
[2025-03-21 04:35:00am]: [Neuron] {"endpoint":"Test","payload":{"action":"test","data":{}}}
[2025-03-21 04:35:59am]: [Neuron] {"endpoint":"Test","payload":{"action":"test","data":{}}}
[2025-03-21 04:36:26am]: [Neuron] {"endpoint":"Test","payload":{"action":"test","data":{}}}
[2025-03-21 04:37:37am]: [Neuron] {"endpoint":"Test","payload":{"action":"test","data":{}}}
[2025-03-21 04:37:38am]: [Neuron] {"endpoint":"Test","payload":{"action":"test","data":{}}}
[2025-03-21 04:37:55am]: [Neuron] {"endpoint":"Test","payload":{"action":"test","data":{}}}
[2025-03-21 04:48:02am]: [Neuron] {"endpoint":"Test","payload":{"action":"test","data":{}}}
[2025-03-21 04:50:04am]: [Neuron] {"endpoint":"Test","payload":{"action":"test","data":{}}}
[2025-03-21 04:52:38am]: [Neuron] {"endpoint":"Test","payload":{"action":"test","data":{}}}
[2025-03-21 04:52:39am]: [Neuron] {"endpoint":"Test","payload":{"action":"test","data":{}}}
[2025-03-21 04:55:16am]: [Neuron] {"endpoint":"Test","payload":{"action":"test","data":{}}}
[2025-03-21 04:55:32am]: [Neuron] {"endpoint":"Test","payload":{"action":"test","data":{}}}
[2025-03-21 04:55:34am]: [Neuron] {"endpoint":"Test","payload":{"action":"test","data":{}}}
[2025-03-21 04:55:35am]: [Neuron] {"endpoint":"Test","payload":{"action":"test","data":{}}}
[2025-03-21 04:55:36am]: [Neuron] {"endpoint":"Test","payload":{"action":"test","data":{}}}
[2025-03-21 04:55:36am]: [Neuron] {"endpoint":"Test","payload":{"action":"test","data":{}}}
[2025-03-21 04:55:37am]: [Neuron] {"endpoint":"Test","payload":{"action":"test","data":{}}}
[2025-03-21 04:55:38am]: [Neuron] {"endpoint":"Test","payload":{"action":"test","data":{}}}
[2025-03-21 10:11:49am]: [Neuron] {"endpoint":"Test","payload":{"action":"test","data":{}}}
[2025-03-21 10:11:50am]: [Neuron] {"endpoint":"Test","payload":{"action":"test","data":{}}}
[2025-03-21 10:11:51am]: [Neuron] {"endpoint":"Test","payload":{"action":"test","data":{}}}
[2025-03-21 10:11:52am]: [Neuron] {"endpoint":"Test","payload":{"action":"test","data":{}}}
[2025-03-21 10:12:09am]: [Neuron] {"endpoint":"Test","payload":{"action":"ping","data":{}}}
[2025-03-21 10:12:14am]: [Neuron] {"endpoint":"Test","payload":{"action":"ping","data":{}}}
[2025-03-21 10:12:16am]: [Neuron] {"endpoint":"Test","payload":{"action":"ping","data":{}}}
[2025-03-21 10:12:17am]: [Neuron] {"endpoint":"Test","payload":{"action":"ping","data":{}}}
[2025-03-21 10:12:17am]: [Neuron] {"endpoint":"Test","payload":{"action":"ping","data":{}}}
[2025-03-21 10:12:18am]: [Neuron] {"endpoint":"Test","payload":{"action":"ping","data":{}}}
[2025-03-21 10:12:19am]: [Neuron] {"endpoint":"Test","payload":{"action":"ping","data":{}}}
[2025-03-21 10:12:20am]: [Neuron] {"endpoint":"Test","payload":{"action":"ping","data":{}}}
[2025-03-21 10:12:23am]: [Neuron] {"endpoint":"Test","payload":{"action":"ping","data":{}}}
[2025-03-21 10:12:24am]: [Neuron] {"endpoint":"Test","payload":{"action":"ping","data":{}}}
[2025-03-21 10:12:25am]: [Neuron] {"endpoint":"Test","payload":{"action":"ping","data":{}}}
[2025-03-21 10:12:26am]: [Neuron] {"endpoint":"Test","payload":{"action":"ping","data":{}}}
[2025-03-21 10:12:27am]: [Neuron] {"endpoint":"Test","payload":{"action":"ping","data":{}}}
[2025-03-21 10:16:41am]: [Neuron] {"endpoint":"Test","payload":{"action":"ping","data":{}}}
[2025-03-21 10:16:57am]: [Neuron] {"endpoint":"Test","payload":{"action":"test","data":{}}}
[2025-03-21 10:18:15am]: [Neuron] {"endpoint":"Test","payload":{"action":"test","data":{}}}
[2025-03-21 10:18:30am]: [Neuron] {"endpoint":"Test","payload":{"action":"test","data":{}}}
[2025-03-21 10:18:40am]: [Neuron] {"endpoint":"Test","payload":{"action":"test","data":{"info":"ksks"}}}
[2025-03-21 10:19:14am]: [Neuron] {"endpoint":"Test","payload":{"action":"test","data":{"info":{"client":"Bruno","version":"0.1"}}}}
[2025-03-21 10:19:39am]: [Neuron] {"endpoint":"Test","payload":{"action":"test","data":{"info":{"client":"Bruno","version":"0.1"}}}}
[2025-03-21 10:20:00am]: [Neuron] {"endpoint":"Test","payload":{"action":"test","data":{"info":{"client":"Bruno","version":"0.1"}}}}
[2025-03-21 10:20:08am]: [Neuron] {"endpoint":"Test","payload":{"action":"test","data":{"info":{"client":"Bruno","version":"0.1"}}}}
[2025-03-21 10:20:23am]: [Neuron] {"endpoint":"Test","payload":{"action":"ping","data":{}}}
[2025-03-21 10:20:28am]: [Neuron] {"endpoint":"Test","payload":{"action":"test","data":{"info":{"client":"Bruno","version":"0.1"}}}}
[2025-03-21 10:20:47am]: [Neuron] {"endpoint":"Test","payload":{"action":"ping","data":{}}}
[2025-03-21 10:20:50am]: [Neuron] {"endpoint":"Test","payload":{"action":"test","data":{"info":{"client":"Bruno","version":"0.1"}}}}
[2025-03-21 10:20:52am]: [Neuron] {"endpoint":"Test","payload":{"action":"test","data":{"info":{"client":"Bruno","version":"0.1"}}}}
[2025-03-21 10:40:02am]: [Neuron] {"endpoint":"Test","payload":{"action":"test","data":{"info":{"client":"Bruno","version":"0.1"}}}}
[2025-03-21 10:48:26am]: [Neuron] {"endpoint":"Test","payload":{"action":"test","data":{"info":{"client":"Bruno","version":"0.1"}}}}
[2025-03-21 01:46:51pm]: [Neuron] {"endpoint":"Test","payload":{"action":"test","data":{"info":{"client":"Bruno","version":"0.1"}}}}
[2025-03-21 01:46:52pm]: [Neuron] {"endpoint":"Test","payload":{"action":"test","data":{"info":{"client":"Bruno","version":"0.1"}}}}
[2025-03-22 06:05:02am]: [Neuron] {"endpoint":"UserRequests","payload":{"action":"fetchQuickStats","data":{}}}
[2025-03-22 06:06:50am]: [Neuron] {"endpoint":"UserRequests","payload":{"action":"fetchQuickStats","data":{}}}
[2025-03-22 06:13:29am]: [Neuron] {"endpoint":"UserRequests","payload":{"action":"fetchQuickStats","data":{}}}
[2025-03-22 06:13:45am]: [Neuron] {"endpoint":"UserRequests","payload":{"action":"fetchQuickStats","data":{"publicRequest":true}}}
[2025-03-22 06:15:38am]: [Neuron] {"endpoint":"UserRequests","payload":{"action":"fetchQuickStats","data":{"publicRequest":true}}}
[2025-03-22 06:15:40am]: [Neuron] {"endpoint":"UserRequests","payload":{"action":"fetchQuickStats","data":{"publicRequest":true}}}
[2025-03-22 06:15:41am]: [Neuron] {"endpoint":"UserRequests","payload":{"action":"fetchQuickStats","data":{"publicRequest":true}}}
[2025-03-22 06:15:42am]: [Neuron] {"endpoint":"UserRequests","payload":{"action":"fetchQuickStats","data":{"publicRequest":true}}}
[2025-03-22 06:16:36am]: [Neuron] {"endpoint":"UserRequests","payload":{"action":"fetchQuickStats","data":{"publicRequest":true}}}
[2025-03-22 06:16:39am]: [Neuron] {"endpoint":"UserRequests","payload":{"action":"fetchQuickStats","data":{"publicRequest":true}}}
